# JRE version: Java(TM) SE Runtime Environment (8.0_241-b07) (build 1.8.0_241-b07)
# Java VM: Java HotSpot(TM) 64-Bit Server VM (25.241-b07 mixed mode windows-amd64 compressed oops)
Heap:
 PSYoungGen      total 328192K, used 254767K [0x000000076b500000, 0x0000000781480000, 0x00000007c0000000)
  eden space 310784K, 81% used [0x000000076b500000,0x000000077adcbf58,0x000000077e480000)
  from space 17408K, 0% used [0x0000000780380000,0x0000000780380000,0x0000000781480000)
  to   space 20480K, 0% used [0x000000077ec80000,0x000000077ec80000,0x0000000780080000)
 ParOldGen       total 156160K, used 23970K [0x00000006c1e00000, 0x00000006cb680000, 0x000000076b500000)
  object space 156160K, 15% used [0x00000006c1e00000,0x00000006c3568a00,0x00000006cb680000)
 Metaspace       used 42146K, capacity 42700K, committed 43264K, reserved 1087488K
  class space    used 5113K, capacity 5250K, committed 5376K, reserved 1048576K
GC Heap History (10 events):
Event: 2.435 GC heap before
{Heap before GC invocations=6 (full 1):
 PSYoungGen      total 141824K, used 131072K [0x000000076b500000, 0x0000000774a00000, 0x00000007c0000000)
  eden space 131072K, 100% used [0x000000076b500000,0x0000000773500000,0x0000000773500000)
  from space 10752K, 0% used [0x0000000773f80000,0x0000000773f80000,0x0000000774a00000)
  to   space 10752K, 0% used [0x0000000773500000,0x0000000773500000,0x0000000773f80000)
 ParOldGen       total 98304K, used 7445K [0x00000006c1e00000, 0x00000006c7e00000, 0x000000076b500000)
  object space 98304K, 7% used [0x00000006c1e00000,0x00000006c2545488,0x00000006c7e00000)
 Metaspace       used 25685K, capacity 26112K, committed 26240K, reserved 1073152K
  class space    used 3236K, capacity 3369K, committed 3456K, reserved 1048576K
Event: 2.442 GC heap after
Heap after GC invocations=6 (full 1):
 PSYoungGen      total 141824K, used 10738K [0x000000076b500000, 0x0000000779780000, 0x00000007c0000000)
  eden space 131072K, 0% used [0x000000076b500000,0x000000076b500000,0x0000000773500000)
  from space 10752K, 99% used [0x0000000773500000,0x0000000773f7caa0,0x0000000773f80000)
  to   space 11264K, 0% used [0x0000000778c80000,0x0000000778c80000,0x0000000779780000)
 ParOldGen       total 98304K, used 7761K [0x00000006c1e00000, 0x00000006c7e00000, 0x000000076b500000)
  object space 98304K, 7% used [0x00000006c1e00000,0x00000006c2594738,0x00000006c7e00000)
 Metaspace       used 25685K, capacity 26112K, committed 26240K, reserved 1073152K
  class space    used 3236K, capacity 3369K, committed 3456K, reserved 1048576K
}
Event: 3.126 GC heap before
{Heap before GC invocations=7 (full 1):
 PSYoungGen      total 141824K, used 141810K [0x000000076b500000, 0x0000000779780000, 0x00000007c0000000)
  eden space 131072K, 100% used [0x000000076b500000,0x0000000773500000,0x0000000773500000)
  from space 10752K, 99% used [0x0000000773500000,0x0000000773f7caa0,0x0000000773f80000)
  to   space 11264K, 0% used [0x0000000778c80000,0x0000000778c80000,0x0000000779780000)
 ParOldGen       total 98304K, used 7761K [0x00000006c1e00000, 0x00000006c7e00000, 0x000000076b500000)
  object space 98304K, 7% used [0x00000006c1e00000,0x00000006c2594738,0x00000006c7e00000)
 Metaspace       used 28731K, capacity 29250K, committed 29440K, reserved 1075200K
  class space    used 3667K, capacity 3812K, committed 3840K, reserved 1048576K
Event: 3.140 GC heap after
Heap after GC invocations=7 (full 1):
 PSYoungGen      total 217600K, used 11240K [0x000000076b500000, 0x0000000779f00000, 0x00000007c0000000)
  eden space 206336K, 0% used [0x000000076b500000,0x000000076b500000,0x0000000777e80000)
  from space 11264K, 99% used [0x0000000778c80000,0x000000077977a280,0x0000000779780000)
  to   space 14336K, 0% used [0x0000000777e80000,0x0000000777e80000,0x0000000778c80000)
 ParOldGen       total 98304K, used 10858K [0x00000006c1e00000, 0x00000006c7e00000, 0x000000076b500000)
  object space 98304K, 11% used [0x00000006c1e00000,0x00000006c289aae8,0x00000006c7e00000)
 Metaspace       used 28731K, capacity 29250K, committed 29440K, reserved 1075200K
  class space    used 3667K, capacity 3812K, committed 3840K, reserved 1048576K
}
Event: 4.639 GC heap before
{Heap before GC invocations=8 (full 1):
 PSYoungGen      total 217600K, used 217576K [0x000000076b500000, 0x0000000779f00000, 0x00000007c0000000)
  eden space 206336K, 100% used [0x000000076b500000,0x0000000777e80000,0x0000000777e80000)
  from space 11264K, 99% used [0x0000000778c80000,0x000000077977a280,0x0000000779780000)
  to   space 14336K, 0% used [0x0000000777e80000,0x0000000777e80000,0x0000000778c80000)
 ParOldGen       total 98304K, used 10858K [0x00000006c1e00000, 0x00000006c7e00000, 0x000000076b500000)
  object space 98304K, 11% used [0x00000006c1e00000,0x00000006c289aae8,0x00000006c7e00000)
 Metaspace       used 32454K, capacity 33006K, committed 33280K, reserved 1079296K
  class space    used 4163K, capacity 4333K, committed 4352K, reserved 1048576K
Event: 4.650 GC heap after
Heap after GC invocations=8 (full 1):
 PSYoungGen      total 220672K, used 14308K [0x000000076b500000, 0x0000000781600000, 0x00000007c0000000)
  eden space 206336K, 0% used [0x000000076b500000,0x000000076b500000,0x0000000777e80000)
  from space 14336K, 99% used [0x0000000777e80000,0x0000000778c79320,0x0000000778c80000)
  to   space 18944K, 0% used [0x0000000780380000,0x0000000780380000,0x0000000781600000)
 ParOldGen       total 98304K, used 15486K [0x00000006c1e00000, 0x00000006c7e00000, 0x000000076b500000)
  object space 98304K, 15% used [0x00000006c1e00000,0x00000006c2d1f8f0,0x00000006c7e00000)
 Metaspace       used 32454K, capacity 33006K, committed 33280K, reserved 1079296K
  class space    used 4163K, capacity 4333K, committed 4352K, reserved 1048576K
}
Event: 9.855 GC heap before
{Heap before GC invocations=9 (full 1):
 PSYoungGen      total 220672K, used 66802K [0x000000076b500000, 0x0000000781600000, 0x00000007c0000000)
  eden space 206336K, 25% used [0x000000076b500000,0x000000076e843630,0x0000000777e80000)
  from space 14336K, 99% used [0x0000000777e80000,0x0000000778c79320,0x0000000778c80000)
  to   space 18944K, 0% used [0x0000000780380000,0x0000000780380000,0x0000000781600000)
 ParOldGen       total 98304K, used 15486K [0x00000006c1e00000, 0x00000006c7e00000, 0x000000076b500000)
  object space 98304K, 15% used [0x00000006c1e00000,0x00000006c2d1f8f0,0x00000006c7e00000)
 Metaspace       used 34674K, capacity 35180K, committed 35416K, reserved 1081344K
  class space    used 4394K, capacity 4562K, committed 4608K, reserved 1048576K
Event: 9.864 GC heap after
Heap after GC invocations=9 (full 1):
 PSYoungGen      total 328192K, used 17008K [0x000000076b500000, 0x0000000781480000, 0x00000007c0000000)
  eden space 310784K, 0% used [0x000000076b500000,0x000000076b500000,0x000000077e480000)
  from space 17408K, 97% used [0x0000000780380000,0x000000078141c180,0x0000000781480000)
  to   space 20480K, 0% used [0x000000077ec80000,0x000000077ec80000,0x0000000780080000)
 ParOldGen       total 98304K, used 15494K [0x00000006c1e00000, 0x00000006c7e00000, 0x000000076b500000)
  object space 98304K, 15% used [0x00000006c1e00000,0x00000006c2d218f0,0x00000006c7e00000)
 Metaspace       used 34674K, capacity 35180K, committed 35416K, reserved 1081344K
  class space    used 4394K, capacity 4562K, committed 4608K, reserved 1048576K
}
Event: 9.864 GC heap before
{Heap before GC invocations=10 (full 2):
 PSYoungGen      total 328192K, used 17008K [0x000000076b500000, 0x0000000781480000, 0x00000007c0000000)
  eden space 310784K, 0% used [0x000000076b500000,0x000000076b500000,0x000000077e480000)
  from space 17408K, 97% used [0x0000000780380000,0x000000078141c180,0x0000000781480000)
  to   space 20480K, 0% used [0x000000077ec80000,0x000000077ec80000,0x0000000780080000)
 ParOldGen       total 98304K, used 15494K [0x00000006c1e00000, 0x00000006c7e00000, 0x000000076b500000)
  object space 98304K, 15% used [0x00000006c1e00000,0x00000006c2d218f0,0x00000006c7e00000)
 Metaspace       used 34674K, capacity 35180K, committed 35416K, reserved 1081344K
  class space    used 4394K, capacity 4562K, committed 4608K, reserved 1048576K
Event: 9.902 GC heap after
Heap after GC invocations=10 (full 2):
 PSYoungGen      total 328192K, used 0K [0x000000076b500000, 0x0000000781480000, 0x00000007c0000000)
  eden space 310784K, 0% used [0x000000076b500000,0x000000076b500000,0x000000077e480000)
  from space 17408K, 0% used [0x0000000780380000,0x0000000780380000,0x0000000781480000)
  to   space 20480K, 0% used [0x000000077ec80000,0x000000077ec80000,0x0000000780080000)
 ParOldGen       total 156160K, used 23970K [0x00000006c1e00000, 0x00000006cb680000, 0x000000076b500000)
  object space 156160K, 15% used [0x00000006c1e00000,0x00000006c3568a00,0x00000006cb680000)
 Metaspace       used 34674K, capacity 35180K, committed 35416K, reserved 1081344K
  class space    used 4394K, capacity 4562K, committed 4608K, reserved 1048576K
}

